jorschiedt@Strolchi:~/Development/esp8266/EMS-ESP-Boiler$ telnet ems-esp02.local
Trying 192.168.254.139...
Connected to ems-esp02.local.
Escape character is '^]'.
EMS Tx delay is disabled
[WIFI] Connecting to SSID: SusiconStrolch
[WIFI] SSID  SusiconStrolch
[WIFI] CH    4
[WIFI] RSSI  -61
[WIFI] IP    192.168.254.139
[WIFI] MAC   5C:CF:7F:F1:BB:89
[WIFI] GW    192.168.254.1
[WIFI] MASK  255.255.255.0
[WIFI] DNS   192.168.254.1
[WIFI] HOST  ems-esp02
[OTA] listening to ems-esp02.local:3232
Disabling serial port
[UART] Opened Rx/Tx connection
Starting auto discover of EMS devices...
Started scan on EMS bus for known devices
[MQTT] Connecting to MQTT...
[MQTT] Connected
[MQTT] Subscribing to home/ems-esp02/restart (PID 2)
[MQTT] Subscribing to home/ems-esp02/start (PID 3)
[MQTT] Subscribing to home/ems-esp02/thermostat_cmd_temp (PID 5)
[MQTT] Subscribing to home/ems-esp02/thermostat_cmd_mode (PID 6)
[MQTT] Subscribing to home/ems-esp02/wwactivated (PID 7)
[MQTT] Subscribing to home/ems-esp02/boiler_cmd_wwtemp (PID 8)
[MQTT] Subscribing to home/ems-esp02/boiler_cmd_comfort (PID 9)
[MQTT] Subscribing to home/ems-esp02/shower_timer (PID 10)
[MQTT] Subscribing to home/ems-esp02/shower_alert (PID 11)
[MQTT] Subscribing to home/ems-esp02/shower_coldshot (PID 12)
[MQTT] Subscribing to home/ems-esp02/thermostat_cmd_hc (PID 13)
[MQTT] Subscribing to home/ems-esp02/thermostat_daytemp (PID 14)
[MQTT] Subscribing to home/ems-esp02/thermostat_nighttemp (PID 15)
[MQTT] Subscribing to home/ems-esp02/thermostat_holidayttemp (PID 16)
Error! Unable to read the EMS bus. Retrying in 20 seconds...
[TELNET] Telnet connection established

* Connected to: EMS-ESP version 1.7.0b15
* Hostname: ems-esp02 (192.168.254.139)
* WiFi SSID: SusiconStrolch (signal 62%)
* MQTT is connected
*
* Commands:
*  ?=help, CTRL-D=quit telnet
*  set, system, reboot
*  info                                         show data captured on the EMS bus
*  log <n | b | t | r | v>                      set logging mode to none, basic, thermostat only, raw or verbose
*  publish                                      publish all values to MQTT
*  refresh                                      fetch values from the EMS devices
*  devices                                      list all supported and detected EMS devices and types IDs
*  queue                                        show current Tx queue
*  autodetect [deep]                            detect EMS devices and attempt to automatically set boiler and thermostat types
*  shower <timer | alert>                       toggle either timer or alert on/off
*  send XX ...                                  send raw telegram data as hex to EMS bus
*  thermostat read <type ID>                    send read request to the thermostat
*  thermostat temp <degrees>                    set current thermostat temperature
*  thermostat mode <mode>                       set mode (0=low/night, 1=manual/day, 2=auto)
*  thermostat scan <type ID>                    probe thermostat on all type id responses
*  boiler read <type ID>                        send read request to boiler
*  boiler wwtemp <degrees>                      set boiler warm water temperature
*  boiler tapwater <on | off>                   set boiler warm tap water on/off
*  boiler flowtemp <degrees>                    set boiler flow temperature
*  boiler comfort <hot | eco | intelligent>     set boiler warm water comfort setting

System Logging set to None
Error! Unable to read the EMS bus. Retrying in 20 seconds...
Error! Unable to read the EMS bus. Retrying in 20 seconds...
Error! Unable to read the EMS bus. Retrying in 20 seconds...
Error! Unable to read the EMS bus. Retrying in 20 seconds...
publish
Error! Unable to read the EMS bus. Retrying in 20 seconds...
queue
Tx queue (12/100)
 [1] action=read dest=0x30 type=0x02 offset=0 length=6 dataValue=32 comparisonValue=0 type_validate=0x00 comparisonPostRead=0x00 @ (00:00:00)
 [2] action=read dest=0x02 type=0x02 offset=0 length=6 dataValue=32 comparisonValue=0 type_validate=0x00 comparisonPostRead=0x00 @ (00:00:00)
 [3] action=read dest=0x08 type=0x02 offset=0 length=6 dataValue=32 comparisonValue=0 type_validate=0x00 comparisonPostRead=0x00 @ (00:00:00)
 [4] action=read dest=0x09 type=0x02 offset=0 length=6 dataValue=32 comparisonValue=0 type_validate=0x00 comparisonPostRead=0x00 @ (00:00:00)
 [5] action=read dest=0x10 type=0x02 offset=0 length=6 dataValue=32 comparisonValue=0 type_validate=0x00 comparisonPostRead=0x00 @ (00:00:00)
 [6] action=read dest=0x11 type=0x02 offset=0 length=6 dataValue=32 comparisonValue=0 type_validate=0x00 comparisonPostRead=0x00 @ (00:00:00)
 [7] action=read dest=0x17 type=0x02 offset=0 length=6 dataValue=32 comparisonValue=0 type_validate=0x00 comparisonPostRead=0x00 @ (00:00:00)
 [8] action=read dest=0x18 type=0x02 offset=0 length=6 dataValue=32 comparisonValue=0 type_validate=0x00 comparisonPostRead=0x00 @ (00:00:00)
 [9] action=read dest=0x20 type=0x02 offset=0 length=6 dataValue=32 comparisonValue=0 type_validate=0x00 comparisonPostRead=0x00 @ (00:00:00)
 [10] action=read dest=0x21 type=0x02 offset=0 length=6 dataValue=32 comparisonValue=0 type_validate=0x00 comparisonPostRead=0x00 @ (00:00:00)
 [11] action=read dest=0x30 type=0x02 offset=0 length=6 dataValue=32 comparisonValue=0 type_validate=0x00 comparisonPostRead=0x00 @ (00:00:00)
 [12] action=read dest=0x48 type=0x02 offset=0 length=6 dataValue=32 comparisonValue=0 type_validate=0x00 comparisonPostRead=0x00 @ (00:00:00)
Error! Unable to read the EMS bus. Retrying in 20 seconds...
Error! Unable to read the EMS bus. Retrying in 20 seconds...
Error! Unable to read the EMS bus. Retrying in 20 seconds...
Error! Unable to read the EMS bus. Retrying in 20 seconds...
Error! Unable to read the EMS bus. Retrying in 20 seconds...
Error! Unable to read the EMS bus. Retrying in 20 seconds...
Error! Unable to read the EMS bus. Retrying in 20 seconds...
Error! Unable to read the EMS bus. Retrying in 20 seconds...
Error! Unable to read the EMS bus. Retrying in 20 seconds...
Error! Unable to read the EMS bus. Retrying in 20 seconds...
Error! Unable to read the EMS bus. Retrying in 20 seconds...
Error! Unable to read the EMS bus. Retrying in 20 seconds...
Error! Unable to read the EMS bus. Retrying in 20 seconds...
Error! Unable to read the EMS bus. Retrying in 20 seconds...
Error! Unable to read the EMS bus. Retrying in 20 seconds...
Error! Unable to read the EMS bus. Retrying in 20 seconds...
Error! Unable to read the EMS bus. Retrying in 20 seconds...
Error! Unable to read the EMS bus. Retrying in 20 seconds...
Error! Unable to read the EMS bus. Retrying in 20 seconds...
Error! Unable to read the EMS bus. Retrying in 20 seconds...
Error! Unable to read the EMS bus. Retrying in 20 seconds...
Error! Unable to read the EMS bus. Retrying in 20 seconds...
Error! Unable to read the EMS bus. Retrying in 20 seconds...
Error! Unable to read the EMS bus. Retrying in 20 seconds...
Error! Unable to read the EMS bus. Retrying in 20 seconds...
Error! Unable to read the EMS bus. Retrying in 20 seconds...
Error! Unable to read the EMS bus. Retrying in 20 seconds...
Error! Unable to read the EMS bus. Retrying in 20 seconds...
Error! Unable to read the EMS bus. Retrying in 20 seconds...
Error! Unable to read the EMS bus. Retrying in 20 seconds...
Error! Unable to read the EMS bus. Retrying in 20 seconds...
Error! Unable to read the EMS bus. Retrying in 20 seconds...
Error! Unable to read the EMS bus. Retrying in 20 seconds...
Error! Unable to read the EMS bus. Retrying in 20 seconds...
Error! Unable to read the EMS bus. Retrying in 20 seconds...
Error! Unable to read the EMS bus. Retrying in 20 seconds...
Error! Unable to read the EMS bus. Retrying in 20 seconds...
Error! Unable to read the EMS bus. Retrying in 20 seconds...
Error! Unable to read the EMS bus. Retrying in 20 seconds...
Error! Unable to read the EMS bus. Retrying in 20 seconds...
Error! Unable to read the EMS bus. Retrying in 20 seconds...
Error! Unable to read the EMS bus. Retrying in 20 seconds...
Error! Unable to read the EMS bus. Retrying in 20 seconds...
Error! Unable to read the EMS bus. Retrying in 20 seconds...
Error! Unable to read the EMS bus. Retrying in 20 seconds...
Error! Unable to read the EMS bus. Retrying in 20 seconds...
Error! Unable to read the EMS bus. Retrying in 20 seconds...
Error! Unable to read the EMS bus. Retrying in 20 seconds...
Error! Unable to read the EMS bus. Retrying in 20 seconds...
Error! Unable to read the EMS bus. Retrying in 20 seconds...
Error! Unable to read the EMS bus. Retrying in 20 seconds...
Error! Unable to read the EMS bus. Retrying in 20 seconds...
Error! Unable to read the EMS bus. Retrying in 20 seconds...
Error! Unable to read the EMS bus. Retrying in 20 seconds...
Error! Unable to read the EMS bus. Retrying in 20 seconds...
Error! Unable to read the EMS bus. Retrying in 20 seconds...
Error! Unable to read the EMS bus. Retrying in 20 seconds...
Error! Unable to read the EMS bus. Retrying in 20 seconds...
Error! Unable to read the EMS bus. Retrying in 20 seconds...
Error! Unable to read the EMS bus. Retrying in 20 seconds...
Error! Unable to read the EMS bus. Retrying in 20 seconds...
Error! Unable to read the EMS bus. Retrying in 20 seconds...
Error! Unable to read the EMS bus. Retrying in 20 seconds...
Error! Unable to read the EMS bus. Retrying in 20 seconds...
Error! Unable to read the EMS bus. Retrying in 20 seconds...
Error! Unable to read the EMS bus. Retrying in 20 seconds...
Error! Unable to read the EMS bus. Retrying in 20 seconds...
Error! Unable to read the EMS bus. Retrying in 20 seconds...
Error! Unable to read the EMS bus. Retrying in 20 seconds...
Error! Unable to read the EMS bus. Retrying in 20 seconds...
Error! Unable to read the EMS bus. Retrying in 20 seconds...
Error! Unable to read the EMS bus. Retrying in 20 seconds...
Error! Unable to read the EMS bus. Retrying in 20 seconds...
Error! Unable to read the EMS bus. Retrying in 20 seconds...
Error! Unable to read the EMS bus. Retrying in 20 seconds...
Error! Unable to read the EMS bus. Retrying in 20 seconds...
Error! Unable to read the EMS bus. Retrying in 20 seconds...
Error! Unable to read the EMS bus. Retrying in 20 seconds...
Error! Unable to read the EMS bus. Retrying in 20 seconds...
Error! Unable to read the EMS bus. Retrying in 20 seconds...
Error! Unable to read the EMS bus. Retrying in 20 seconds...
Error! Unable to read the EMS bus. Retrying in 20 seconds...
Error! Unable to read the EMS bus. Retrying in 20 seconds...
Error! Unable to read the EMS bus. Retrying in 20 seconds...
Error! Unable to read the EMS bus. Retrying in 20 seconds...
Error! Unable to read the EMS bus. Retrying in 20 seconds...
Error! Unable to read the EMS bus. Retrying in 20 seconds...
Error! Unable to read the EMS bus. Retrying in 20 seconds...
Error! Unable to read the EMS bus. Retrying in 20 seconds...
Error! Unable to read the EMS bus. Retrying in 20 seconds...
Error! Unable to read the EMS bus. Retrying in 20 seconds...
Error! Unable to read the EMS bus. Retrying in 20 seconds...
Error! Unable to read the EMS bus. Retrying in 20 seconds...
Error! Unable to read the EMS bus. Retrying in 20 seconds...
Error! Unable to read the EMS bus. Retrying in 20 seconds...
Error! Unable to read the EMS bus. Retrying in 20 seconds...
Error! Unable to read the EMS bus. Retrying in 20 seconds...
Error! Unable to read the EMS bus. Retrying in 20 seconds...
Error! Unable to read the EMS bus. Retrying in 20 seconds...
Error! Unable to read the EMS bus. Retrying in 20 seconds...
Error! Unable to read the EMS bus. Retrying in 20 seconds...
Error! Unable to read the EMS bus. Retrying in 20 seconds...
Error! Unable to read the EMS bus. Retrying in 20 seconds...
Error! Unable to read the EMS bus. Retrying in 20 seconds...
Error! Unable to read the EMS bus. Retrying in 20 seconds...
Error! Unable to read the EMS bus. Retrying in 20 seconds...
Error! Unable to read the EMS bus. Retrying in 20 seconds...
Error! Unable to read the EMS bus. Retrying in 20 seconds...
Error! Unable to read the EMS bus. Retrying in 20 seconds...
Error! Unable to read the EMS bus. Retrying in 20 seconds...
Error! Unable to read the EMS bus. Retrying in 20 seconds...
Error! Unable to read the EMS bus. Retrying in 20 seconds...
Error! Unable to read the EMS bus. Retrying in 20 seconds...
Error! Unable to read the EMS bus. Retrying in 20 seconds...
Error! Unable to read the EMS bus. Retrying in 20 seconds...
Error! Unable to read the EMS bus. Retrying in 20 seconds...
Error! Unable to read the EMS bus. Retrying in 20 seconds...
Error! Unable to read the EMS bus. Retrying in 20 seconds...
Error! Unable to read the EMS bus. Retrying in 20 seconds...
Error! Unable to read the EMS bus. Retrying in 20 seconds...
Error! Unable to read the EMS bus. Retrying in 20 seconds...
Error! Unable to read the EMS bus. Retrying in 20 seconds...
Error! Unable to read the EMS bus. Retrying in 20 seconds...
Error! Unable to read the EMS bus. Retrying in 20 seconds...
Error! Unable to read the EMS bus. Retrying in 20 seconds...
Error! Unable to read the EMS bus. Retrying in 20 seconds...
Error! Unable to read the EMS bus. Retrying in 20 seconds...
Error! Unable to read the EMS bus. Retrying in 20 seconds...
Error! Unable to read the EMS bus. Retrying in 20 seconds...
Error! Unable to read the EMS bus. Retrying in 20 seconds...
Error! Unable to read the EMS bus. Retrying in 20 seconds...
Error! Unable to read the EMS bus. Retrying in 20 seconds...
Error! Unable to read the EMS bus. Retrying in 20 seconds...
Error! Unable to read the EMS bus. Retrying in 20 seconds...
Error! Unable to read the EMS bus. Retrying in 20 seconds...
Error! Unable to read the EMS bus. Retrying in 20 seconds...
Error! Unable to read the EMS bus. Retrying in 20 seconds...
Error! Unable to read the EMS bus. Retrying in 20 seconds...
Error! Unable to read the EMS bus. Retrying in 20 seconds...
Error! Unable to read the EMS bus. Retrying in 20 seconds...
Error! Unable to read the EMS bus. Retrying in 20 seconds...
Error! Unable to read the EMS bus. Retrying in 20 seconds...
Error! Unable to read the EMS bus. Retrying in 20 seconds...
Error! Unable to read the EMS bus. Retrying in 20 seconds...
Error! Unable to read the EMS bus. Retrying in 20 seconds...
Error! Unable to read the EMS bus. Retrying in 20 seconds...
Error! Unable to read the EMS bus. Retrying in 20 seconds...
Error! Unable to read the EMS bus. Retrying in 20 seconds...
Error! Unable to read the EMS bus. Retrying in 20 seconds...
Error! Unable to read the EMS bus. Retrying in 20 seconds...
Error! Unable to read the EMS bus. Retrying in 20 seconds...
Error! Unable to read the EMS bus. Retrying in 20 seconds...
Error! Unable to read the EMS bus. Retrying in 20 seconds...
Error! Unable to read the EMS bus. Retrying in 20 seconds...
Error! Unable to read the EMS bus. Retrying in 20 seconds...
Error! Unable to read the EMS bus. Retrying in 20 seconds...
Error! Unable to read the EMS bus. Retrying in 20 seconds...
Error! Unable to read the EMS bus. Retrying in 20 seconds...
Error! Unable to read the EMS bus. Retrying in 20 seconds...
Error! Unable to read the EMS bus. Retrying in 20 seconds...
Error! Unable to read the EMS bus. Retrying in 20 seconds...
Error! Unable to read the EMS bus. Retrying in 20 seconds...
Error! Unable to read the EMS bus. Retrying in 20 seconds...
Error! Unable to read the EMS bus. Retrying in 20 seconds...
Error! Unable to read the EMS bus. Retrying in 20 seconds...
Error! Unable to read the EMS bus. Retrying in 20 seconds...
Error! Unable to read the EMS bus. Retrying in 20 seconds...
Error! Unable to read the EMS bus. Retrying in 20 seconds...
Error! Unable to read the EMS bus. Retrying in 20 seconds...
Error! Unable to read the EMS bus. Retrying in 20 seconds...
Error! Unable to read the EMS bus. Retrying in 20 seconds...
Error! Unable to read the EMS bus. Retrying in 20 seconds...
Error! Unable to read the EMS bus. Retrying in 20 seconds...
Error! Unable to read the EMS bus. Retrying in 20 seconds...
Error! Unable to read the EMS bus. Retrying in 20 seconds...
Error! Unable to read the EMS bus. Retrying in 20 seconds...
Error! Unable to read the EMS bus. Retrying in 20 seconds...
Error! Unable to read the EMS bus. Retrying in 20 seconds...
Error! Unable to read the EMS bus. Retrying in 20 seconds...
Error! Unable to read the EMS bus. Retrying in 20 seconds...
Error! Unable to read the EMS bus. Retrying in 20 seconds...
Error! Unable to read the EMS bus. Retrying in 20 seconds...
Error! Unable to read the EMS bus. Retrying in 20 seconds...
Error! Unable to read the EMS bus. Retrying in 20 seconds...
Error! Unable to read the EMS bus. Retrying in 20 seconds...
Error! Unable to read the EMS bus. Retrying in 20 seconds...
Error! Unable to read the EMS bus. Retrying in 20 seconds...
Error! Unable to read the EMS bus. Retrying in 20 seconds...
Error! Unable to read the EMS bus. Retrying in 20 seconds...
Error! Unable to read the EMS bus. Retrying in 20 seconds...
Error! Unable to read the EMS bus. Retrying in 20 seconds...
Error! Unable to read the EMS bus. Retrying in 20 seconds...
Error! Unable to read the EMS bus. Retrying in 20 seconds...
Error! Unable to read the EMS bus. Retrying in 20 seconds...
Error! Unable to read the EMS bus. Retrying in 20 seconds...
Error! Unable to read the EMS bus. Retrying in 20 seconds...
Error! Unable to read the EMS bus. Retrying in 20 seconds...
Error! Unable to read the EMS bus. Retrying in 20 seconds...
Error! Unable to read the EMS bus. Retrying in 20 seconds...
Error! Unable to read the EMS bus. Retrying in 20 seconds...
Error! Unable to read the EMS bus. Retrying in 20 seconds...
Error! Unable to read the EMS bus. Retrying in 20 seconds...
Error! Unable to read the EMS bus. Retrying in 20 seconds...
Error! Unable to read the EMS bus. Retrying in 20 seconds...
Error! Unable to read the EMS bus. Retrying in 20 seconds...
Error! Unable to read the EMS bus. Retrying in 20 seconds...
Error! Unable to read the EMS bus. Retrying in 20 seconds...
Error! Unable to read the EMS bus. Retrying in 20 seconds...
Error! Unable to read the EMS bus. Retrying in 20 seconds...
Error! Unable to read the EMS bus. Retrying in 20 seconds...
Error! Unable to read the EMS bus. Retrying in 20 seconds...
Error! Unable to read the EMS bus. Retrying in 20 seconds...
Error! Unable to read the EMS bus. Retrying in 20 seconds...
Error! Unable to read the EMS bus. Retrying in 20 seconds...
Error! Unable to read the EMS bus. Retrying in 20 seconds...
Error! Unable to read the EMS bus. Retrying in 20 seconds...
Error! Unable to read the EMS bus. Retrying in 20 seconds...
Error! Unable to read the EMS bus. Retrying in 20 seconds...
Error! Unable to read the EMS bus. Retrying in 20 seconds...
Error! Unable to read the EMS bus. Retrying in 20 seconds...
Error! Unable to read the EMS bus. Retrying in 20 seconds...
Error! Unable to read the EMS bus. Retrying in 20 seconds...
Error! Unable to read the EMS bus. Retrying in 20 seconds...
Error! Unable to read the EMS bus. Retrying in 20 seconds...
Error! Unable to read the EMS bus. Retrying in 20 seconds...
Error! Unable to read the EMS bus. Retrying in 20 seconds...
Error! Unable to read the EMS bus. Retrying in 20 seconds...
Error! Unable to read the EMS bus. Retrying in 20 seconds...
Error! Unable to read the EMS bus. Retrying in 20 seconds...
Error! Unable to read the EMS bus. Retrying in 20 seconds...
Error! Unable to read the EMS bus. Retrying in 20 seconds...
Error! Unable to read the EMS bus. Retrying in 20 seconds...
Error! Unable to read the EMS bus. Retrying in 20 seconds...
Error! Unable to read the EMS bus. Retrying in 20 seconds...
Error! Unable to read the EMS bus. Retrying in 20 seconds...
Error! Unable to read the EMS bus. Retrying in 20 seconds...
Error! Unable to read the EMS bus. Retrying in 20 seconds...
Error! Unable to read the EMS bus. Retrying in 20 seconds...
Error! Unable to read the EMS bus. Retrying in 20 seconds...
Error! Unable to read the EMS bus. Retrying in 20 seconds...
Error! Unable to read the EMS bus. Retrying in 20 seconds...
Error! Unable to read the EMS bus. Retrying in 20 seconds...
Error! Unable to read the EMS bus. Retrying in 20 seconds...
Error! Unable to read the EMS bus. Retrying in 20 seconds...
Error! Unable to read the EMS bus. Retrying in 20 seconds...
Error! Unable to read the EMS bus. Retrying in 20 seconds...
Error! Unable to read the EMS bus. Retrying in 20 seconds...
Error! Unable to read the EMS bus. Retrying in 20 seconds...
Error! Unable to read the EMS bus. Retrying in 20 seconds...
Error! Unable to read the EMS bus. Retrying in 20 seconds...
Error! Unable to read the EMS bus. Retrying in 20 seconds...
Error! Unable to read the EMS bus. Retrying in 20 seconds...
Error! Unable to read the EMS bus. Retrying in 20 seconds...
Error! Unable to read the EMS bus. Retrying in 20 seconds...
Error! Unable to read the EMS bus. Retrying in 20 seconds...
Error! Unable to read the EMS bus. Retrying in 20 seconds...
Error! Unable to read the EMS bus. Retrying in 20 seconds...
Error! Unable to read the EMS bus. Retrying in 20 seconds...
Error! Unable to read the EMS bus. Retrying in 20 seconds...
Error! Unable to read the EMS bus. Retrying in 20 seconds...
Error! Unable to read the EMS bus. Retrying in 20 seconds...
Error! Unable to read the EMS bus. Retrying in 20 seconds...
Error! Unable to read the EMS bus. Retrying in 20 seconds...
Error! Unable to read the EMS bus. Retrying in 20 seconds...
Error! Unable to read the EMS bus. Retrying in 20 seconds...
Error! Unable to read the EMS bus. Retrying in 20 seconds...
Error! Unable to read the EMS bus. Retrying in 20 seconds...
Error! Unable to read the EMS bus. Retrying in 20 seconds...
Error! Unable to read the EMS bus. Retrying in 20 seconds...
Error! Unable to read the EMS bus. Retrying in 20 seconds...
Error! Unable to read the EMS bus. Retrying in 20 seconds...
Error! Unable to read the EMS bus. Retrying in 20 seconds...
Error! Unable to read the EMS bus. Retrying in 20 seconds...
Error! Unable to read the EMS bus. Retrying in 20 seconds...
Error! Unable to read the EMS bus. Retrying in 20 seconds...
Error! Unable to read the EMS bus. Retrying in 20 seconds...
Error! Unable to read the EMS bus. Retrying in 20 seconds...
Error! Unable to read the EMS bus. Retrying in 20 seconds...
Error! Unable to read the EMS bus. Retrying in 20 seconds...
Error! Unable to read the EMS bus. Retrying in 20 seconds...
Error! Unable to read the EMS bus. Retrying in 20 seconds...
Error! Unable to read the EMS bus. Retrying in 20 seconds...
Error! Unable to read the EMS bus. Retrying in 20 seconds...
Error! Unable to read the EMS bus. Retrying in 20 seconds...
Error! Unable to read the EMS bus. Retrying in 20 seconds...
Error! Unable to read the EMS bus. Retrying in 20 seconds...
Error! Unable to read the EMS bus. Retrying in 20 seconds...
Error! Unable to read the EMS bus. Retrying in 20 seconds...
Error! Unable to read the EMS bus. Retrying in 20 seconds...
Error! Unable to read the EMS bus. Retrying in 20 seconds...
Error! Unable to read the EMS bus. Retrying in 20 seconds...
Error! Unable to read the EMS bus. Retrying in 20 seconds...
Error! Unable to read the EMS bus. Retrying in 20 seconds...
Error! Unable to read the EMS bus. Retrying in 20 seconds...
Error! Unable to read the EMS bus. Retrying in 20 seconds...
Error! Unable to read the EMS bus. Retrying in 20 seconds...
Error! Unable to read the EMS bus. Retrying in 20 seconds...
Error! Unable to read the EMS bus. Retrying in 20 seconds...
Error! Unable to read the EMS bus. Retrying in 20 seconds...
Error! Unable to read the EMS bus. Retrying in 20 seconds...
Error! Unable to read the EMS bus. Retrying in 20 seconds...
Error! Unable to read the EMS bus. Retrying in 20 seconds...
Error! Unable to read the EMS bus. Retrying in 20 seconds...
Error! Unable to read the EMS bus. Retrying in 20 seconds...
Error! Unable to read the EMS bus. Retrying in 20 seconds...
Error! Unable to read the EMS bus. Retrying in 20 seconds...
Error! Unable to read the EMS bus. Retrying in 20 seconds...
Error! Unable to read the EMS bus. Retrying in 20 seconds...
Error! Unable to read the EMS bus. Retrying in 20 seconds...
Error! Unable to read the EMS bus. Retrying in 20 seconds...
Error! Unable to read the EMS bus. Retrying in 20 seconds...
Error! Unable to read the EMS bus. Retrying in 20 seconds...
Error! Unable to read the EMS bus. Retrying in 20 seconds...
Error! Unable to read the EMS bus. Retrying in 20 seconds...
Error! Unable to read the EMS bus. Retrying in 20 seconds...
Error! Unable to read the EMS bus. Retrying in 20 seconds...
Error! Unable to read the EMS bus. Retrying in 20 seconds...
Error! Unable to read the EMS bus. Retrying in 20 seconds...
Error! Unable to read the EMS bus. Retrying in 20 seconds...
Error! Unable to read the EMS bus. Retrying in 20 seconds...
Error! Unable to read the EMS bus. Retrying in 20 seconds...
Error! Unable to read the EMS bus. Retrying in 20 seconds...
Error! Unable to read the EMS bus. Retrying in 20 seconds...
Error! Unable to read the EMS bus. Retrying in 20 seconds...
Error! Unable to read the EMS bus. Retrying in 20 seconds...
Error! Unable to read the EMS bus. Retrying in 20 seconds...
Error! Unable to read the EMS bus. Retrying in 20 seconds...
Error! Unable to read the EMS bus. Retrying in 20 seconds...
Error! Unable to read the EMS bus. Retrying in 20 seconds...
Error! Unable to read the EMS bus. Retrying in 20 seconds...
Error! Unable to read the EMS bus. Retrying in 20 seconds...
Error! Unable to read the EMS bus. Retrying in 20 seconds...
Error! Unable to read the EMS bus. Retrying in 20 seconds...
Error! Unable to read the EMS bus. Retrying in 20 seconds...
Error! Unable to read the EMS bus. Retrying in 20 seconds...
Error! Unable to read the EMS bus. Retrying in 20 seconds...
Error! Unable to read the EMS bus. Retrying in 20 seconds...
Error! Unable to read the EMS bus. Retrying in 20 seconds...
Error! Unable to read the EMS bus. Retrying in 20 seconds...
Error! Unable to read the EMS bus. Retrying in 20 seconds...
Error! Unable to read the EMS bus. Retrying in 20 seconds...
Error! Unable to read the EMS bus. Retrying in 20 seconds...
Error! Unable to read the EMS bus. Retrying in 20 seconds...
Error! Unable to read the EMS bus. Retrying in 20 seconds...
Error! Unable to read the EMS bus. Retrying in 20 seconds...
Error! Unable to read the EMS bus. Retrying in 20 seconds...
Error! Unable to read the EMS bus. Retrying in 20 seconds...
Error! Unable to read the EMS bus. Retrying in 20 seconds...
Error! Unable to read the EMS bus. Retrying in 20 seconds...
Error! Unable to read the EMS bus. Retrying in 20 seconds...
Error! Unable to read the EMS bus. Retrying in 20 seconds...
Error! Unable to read the EMS bus. Retrying in 20 seconds...
Error! Unable to read the EMS bus. Retrying in 20 seconds...
Error! Unable to read the EMS bus. Retrying in 20 seconds...
Error! Unable to read the EMS bus. Retrying in 20 seconds...
Error! Unable to read the EMS bus. Retrying in 20 seconds...
Error! Unable to read the EMS bus. Retrying in 20 seconds...
Error! Unable to read the EMS bus. Retrying in 20 seconds...
Error! Unable to read the EMS bus. Retrying in 20 seconds...
Error! Unable to read the EMS bus. Retrying in 20 seconds...
Error! Unable to read the EMS bus. Retrying in 20 seconds...
Error! Unable to read the EMS bus. Retrying in 20 seconds...
Error! Unable to read the EMS bus. Retrying in 20 seconds...
Error! Unable to read the EMS bus. Retrying in 20 seconds...
Error! Unable to read the EMS bus. Retrying in 20 seconds...
Error! Unable to read the EMS bus. Retrying in 20 seconds...
Error! Unable to read the EMS bus. Retrying in 20 seconds...
Error! Unable to read the EMS bus. Retrying in 20 seconds...
Error! Unable to read the EMS bus. Retrying in 20 seconds...
Error! Unable to read the EMS bus. Retrying in 20 seconds...
Error! Unable to read the EMS bus. Retrying in 20 seconds...
Error! Unable to read the EMS bus. Retrying in 20 seconds...
Error! Unable to read the EMS bus. Retrying in 20 seconds...
Error! Unable to read the EMS bus. Retrying in 20 seconds...
Error! Unable to read the EMS bus. Retrying in 20 seconds...
Error! Unable to read the EMS bus. Retrying in 20 seconds...
Error! Unable to read the EMS bus. Retrying in 20 seconds...
Error! Unable to read the EMS bus. Retrying in 20 seconds...
Error! Unable to read the EMS bus. Retrying in 20 seconds...
Error! Unable to read the EMS bus. Retrying in 20 seconds...
Error! Unable to read the EMS bus. Retrying in 20 seconds...
Error! Unable to read the EMS bus. Retrying in 20 seconds...
Error! Unable to read the EMS bus. Retrying in 20 seconds...
Error! Unable to read the EMS bus. Retrying in 20 seconds...
Error! Unable to read the EMS bus. Retrying in 20 seconds...
Error! Unable to read the EMS bus. Retrying in 20 seconds...
Error! Unable to read the EMS bus. Retrying in 20 seconds...
Error! Unable to read the EMS bus. Retrying in 20 seconds...
Error! Unable to read the EMS bus. Retrying in 20 seconds...
Error! Unable to read the EMS bus. Retrying in 20 seconds...
Error! Unable to read the EMS bus. Retrying in 20 seconds...
Error! Unable to read the EMS bus. Retrying in 20 seconds...
Error! Unable to read the EMS bus. Retrying in 20 seconds...
Error! Unable to read the EMS bus. Retrying in 20 seconds...
Error! Unable to read the EMS bus. Retrying in 20 seconds...
Error! Unable to read the EMS bus. Retrying in 20 seconds...
Error! Unable to read the EMS bus. Retrying in 20 seconds...
Error! Unable to read the EMS bus. Retrying in 20 seconds...
Error! Unable to read the EMS bus. Retrying in 20 seconds...
Error! Unable to read the EMS bus. Retrying in 20 seconds...
Error! Unable to read the EMS bus. Retrying in 20 seconds...
Error! Unable to read the EMS bus. Retrying in 20 seconds...
Error! Unable to read the EMS bus. Retrying in 20 seconds...
Error! Unable to read the EMS bus. Retrying in 20 seconds...
Error! Unable to read the EMS bus. Retrying in 20 seconds...
Error! Unable to read the EMS bus. Retrying in 20 seconds...
Error! Unable to read the EMS bus. Retrying in 20 seconds...
Error! Unable to read the EMS bus. Retrying in 20 seconds...
Error! Unable to read the EMS bus. Retrying in 20 seconds...
Error! Unable to read the EMS bus. Retrying in 20 seconds...
Error! Unable to read the EMS bus. Retrying in 20 seconds...
Error! Unable to read the EMS bus. Retrying in 20 seconds...
Error! Unable to read the EMS bus. Retrying in 20 seconds...
Error! Unable to read the EMS bus. Retrying in 20 seconds...
Error! Unable to read the EMS bus. Retrying in 20 seconds...
Error! Unable to read the EMS bus. Retrying in 20 seconds...
Error! Unable to read the EMS bus. Retrying in 20 seconds...
Error! Unable to read the EMS bus. Retrying in 20 seconds...
Error! Unable to read the EMS bus. Retrying in 20 seconds...
Error! Unable to read the EMS bus. Retrying in 20 seconds...
Error! Unable to read the EMS bus. Retrying in 20 seconds...
Error! Unable to read the EMS bus. Retrying in 20 seconds...
Error! Unable to read the EMS bus. Retrying in 20 seconds...
Error! Unable to read the EMS bus. Retrying in 20 seconds...
Error! Unable to read the EMS bus. Retrying in 20 seconds...
Error! Unable to read the EMS bus. Retrying in 20 seconds...
Error! Unable to read the EMS bus. Retrying in 20 seconds...
Error! Unable to read the EMS bus. Retrying in 20 seconds...
Error! Unable to read the EMS bus. Retrying in 20 seconds...
Error! Unable to read the EMS bus. Retrying in 20 seconds...
Error! Unable to read the EMS bus. Retrying in 20 seconds...
Error! Unable to read the EMS bus. Retrying in 20 seconds...
Error! Unable to read the EMS bus. Retrying in 20 seconds...
Error! Unable to read the EMS bus. Retrying in 20 seconds...
Error! Unable to read the EMS bus. Retrying in 20 seconds...
Error! Unable to read the EMS bus. Retrying in 20 seconds...
Error! Unable to read the EMS bus. Retrying in 20 seconds...
Error! Unable to read the EMS bus. Retrying in 20 seconds...
Error! Unable to read the EMS bus. Retrying in 20 seconds...
Error! Unable to read the EMS bus. Retrying in 20 seconds...
Error! Unable to read the EMS bus. Retrying in 20 seconds...
Error! Unable to read the EMS bus. Retrying in 20 seconds...
Error! Unable to read the EMS bus. Retrying in 20 seconds...
Error! Unable to read the EMS bus. Retrying in 20 seconds...
Error! Unable to read the EMS bus. Retrying in 20 seconds...
Error! Unable to read the EMS bus. Retrying in 20 seconds...
Error! Unable to read the EMS bus. Retrying in 20 seconds...
Error! Unable to read the EMS bus. Retrying in 20 seconds...
Error! Unable to read the EMS bus. Retrying in 20 seconds...
Error! Unable to read the EMS bus. Retrying in 20 seconds...
Error! Unable to read the EMS bus. Retrying in 20 seconds...
Error! Unable to read the EMS bus. Retrying in 20 seconds...
Error! Unable to read the EMS bus. Retrying in 20 seconds...
Error! Unable to read the EMS bus. Retrying in 20 seconds...
Error! Unable to read the EMS bus. Retrying in 20 seconds...
Error! Unable to read the EMS bus. Retrying in 20 seconds...
Error! Unable to read the EMS bus. Retrying in 20 seconds...
Error! Unable to read the EMS bus. Retrying in 20 seconds...
Error! Unable to read the EMS bus. Retrying in 20 seconds...
Error! Unable to read the EMS bus. Retrying in 20 seconds...
Error! Unable to read the EMS bus. Retrying in 20 seconds...
Error! Unable to read the EMS bus. Retrying in 20 seconds...
Error! Unable to read the EMS bus. Retrying in 20 seconds...
Error! Unable to read the EMS bus. Retrying in 20 seconds...
Error! Unable to read the EMS bus. Retrying in 20 seconds...
Error! Unable to read the EMS bus. Retrying in 20 seconds...
Error! Unable to read the EMS bus. Retrying in 20 seconds...
Error! Unable to read the EMS bus. Retrying in 20 seconds...
Error! Unable to read the EMS bus. Retrying in 20 seconds...
Error! Unable to read the EMS bus. Retrying in 20 seconds...
Error! Unable to read the EMS bus. Retrying in 20 seconds...
Error! Unable to read the EMS bus. Retrying in 20 seconds...
Error! Unable to read the EMS bus. Retrying in 20 seconds...
Error! Unable to read the EMS bus. Retrying in 20 seconds...
Error! Unable to read the EMS bus. Retrying in 20 seconds...
Error! Unable to read the EMS bus. Retrying in 20 seconds...
Error! Unable to read the EMS bus. Retrying in 20 seconds...
Error! Unable to read the EMS bus. Retrying in 20 seconds...
Error! Unable to read the EMS bus. Retrying in 20 seconds...
Error! Unable to read the EMS bus. Retrying in 20 seconds...
Error! Unable to read the EMS bus. Retrying in 20 seconds...
Error! Unable to read the EMS bus. Retrying in 20 seconds...
Error! Unable to read the EMS bus. Retrying in 20 seconds...
Error! Unable to read the EMS bus. Retrying in 20 seconds...
Error! Unable to read the EMS bus. Retrying in 20 seconds...
Error! Unable to read the EMS bus. Retrying in 20 seconds...
Error! Unable to read the EMS bus. Retrying in 20 seconds...
Error! Unable to read the EMS bus. Retrying in 20 seconds...
Error! Unable to read the EMS bus. Retrying in 20 seconds...
Error! Unable to read the EMS bus. Retrying in 20 seconds...
Error! Unable to read the EMS bus. Retrying in 20 seconds...
Error! Unable to read the EMS bus. Retrying in 20 seconds...
Error! Unable to read the EMS bus. Retrying in 20 seconds...
Error! Unable to read the EMS bus. Retrying in 20 seconds...
Error! Unable to read the EMS bus. Retrying in 20 seconds...
Error! Unable to read the EMS bus. Retrying in 20 seconds...
Error! Unable to read the EMS bus. Retrying in 20 seconds...
Error! Unable to read the EMS bus. Retrying in 20 seconds...
Error! Unable to read the EMS bus. Retrying in 20 seconds...
Error! Unable to read the EMS bus. Retrying in 20 seconds...
Error! Unable to read the EMS bus. Retrying in 20 seconds...
Error! Unable to read the EMS bus. Retrying in 20 seconds...
Error! Unable to read the EMS bus. Retrying in 20 seconds...
Error! Unable to read the EMS bus. Retrying in 20 seconds...
Error! Unable to read the EMS bus. Retrying in 20 seconds...
Error! Unable to read the EMS bus. Retrying in 20 seconds...
Error! Unable to read the EMS bus. Retrying in 20 seconds...
Error! Unable to read the EMS bus. Retrying in 20 seconds...
Error! Unable to read the EMS bus. Retrying in 20 seconds...
Error! Unable to read the EMS bus. Retrying in 20 seconds...
Error! Unable to read the EMS bus. Retrying in 20 seconds...
Error! Unable to read the EMS bus. Retrying in 20 seconds...
Error! Unable to read the EMS bus. Retrying in 20 seconds...
Error! Unable to read the EMS bus. Retrying in 20 seconds...
Error! Unable to read the EMS bus. Retrying in 20 seconds...
Error! Unable to read the EMS bus. Retrying in 20 seconds...
Error! Unable to read the EMS bus. Retrying in 20 seconds...
Error! Unable to read the EMS bus. Retrying in 20 seconds...
Error! Unable to read the EMS bus. Retrying in 20 seconds...
Error! Unable to read the EMS bus. Retrying in 20 seconds...
Error! Unable to read the EMS bus. Retrying in 20 seconds...
Error! Unable to read the EMS bus. Retrying in 20 seconds...
Error! Unable to read the EMS bus. Retrying in 20 seconds...
Error! Unable to read the EMS bus. Retrying in 20 seconds...
Error! Unable to read the EMS bus. Retrying in 20 seconds...
Error! Unable to read the EMS bus. Retrying in 20 seconds...
Error! Unable to read the EMS bus. Retrying in 20 seconds...
Error! Unable to read the EMS bus. Retrying in 20 seconds...
Error! Unable to read the EMS bus. Retrying in 20 seconds...
Error! Unable to read the EMS bus. Retrying in 20 seconds...
Error! Unable to read the EMS bus. Retrying in 20 seconds...
Error! Unable to read the EMS bus. Retrying in 20 seconds...
Error! Unable to read the EMS bus. Retrying in 20 seconds...
Error! Unable to read the EMS bus. Retrying in 20 seconds...
Error! Unable to read the EMS bus. Retrying in 20 seconds...
Error! Unable to read the EMS bus. Retrying in 20 seconds...
Error! Unable to read the EMS bus. Retrying in 20 seconds...
Error! Unable to read the EMS bus. Retrying in 20 seconds...
Error! Unable to read the EMS bus. Retrying in 20 seconds...
Error! Unable to read the EMS bus. Retrying in 20 seconds...
Error! Unable to read the EMS bus. Retrying in 20 seconds...
Error! Unable to read the EMS bus. Retrying in 20 seconds...
Error! Unable to read the EMS bus. Retrying in 20 seconds...
Error! Unable to read the EMS bus. Retrying in 20 seconds...
Error! Unable to read the EMS bus. Retrying in 20 seconds...
Error! Unable to read the EMS bus. Retrying in 20 seconds...
Error! Unable to read the EMS bus. Retrying in 20 seconds...
Error! Unable to read the EMS bus. Retrying in 20 seconds...
Error! Unable to read the EMS bus. Retrying in 20 seconds...
Error! Unable to read the EMS bus. Retrying in 20 seconds...
Error! Unable to read the EMS bus. Retrying in 20 seconds...
Error! Unable to read the EMS bus. Retrying in 20 seconds...
Error! Unable to read the EMS bus. Retrying in 20 seconds...
Error! Unable to read the EMS bus. Retrying in 20 seconds...
Error! Unable to read the EMS bus. Retrying in 20 seconds...
Error! Unable to read the EMS bus. Retrying in 20 seconds...
Error! Unable to read the EMS bus. Retrying in 20 seconds...
Error! Unable to read the EMS bus. Retrying in 20 seconds...
Error! Unable to read the EMS bus. Retrying in 20 seconds...
Error! Unable to read the EMS bus. Retrying in 20 seconds...
Error! Unable to read the EMS bus. Retrying in 20 seconds...
Error! Unable to read the EMS bus. Retrying in 20 seconds...
Error! Unable to read the EMS bus. Retrying in 20 seconds...
Error! Unable to read the EMS bus. Retrying in 20 seconds...
Error! Unable to read the EMS bus. Retrying in 20 seconds...
Error! Unable to read the EMS bus. Retrying in 20 seconds...
Error! Unable to read the EMS bus. Retrying in 20 seconds...
Error! Unable to read the EMS bus. Retrying in 20 seconds...
Error! Unable to read the EMS bus. Retrying in 20 seconds...
Error! Unable to read the EMS bus. Retrying in 20 seconds...
Error! Unable to read the EMS bus. Retrying in 20 seconds...
Error! Unable to read the EMS bus. Retrying in 20 seconds...
Error! Unable to read the EMS bus. Retrying in 20 seconds...
Error! Unable to read the EMS bus. Retrying in 20 seconds...
Error! Unable to read the EMS bus. Retrying in 20 seconds...
Error! Unable to read the EMS bus. Retrying in 20 seconds...
Error! Unable to read the EMS bus. Retrying in 20 seconds...
Error! Unable to read the EMS bus. Retrying in 20 seconds...
Error! Unable to read the EMS bus. Retrying in 20 seconds...
Error! Unable to read the EMS bus. Retrying in 20 seconds...
Error! Unable to read the EMS bus. Retrying in 20 seconds...
Error! Unable to read the EMS bus. Retrying in 20 seconds...
Error! Unable to read the EMS bus. Retrying in 20 seconds...
Error! Unable to read the EMS bus. Retrying in 20 seconds...
Error! Unable to read the EMS bus. Retrying in 20 seconds...
Error! Unable to read the EMS bus. Retrying in 20 seconds...
Error! Unable to read the EMS bus. Retrying in 20 seconds...
Error! Unable to read the EMS bus. Retrying in 20 seconds...
Error! Unable to read the EMS bus. Retrying in 20 seconds...
Error! Unable to read the EMS bus. Retrying in 20 seconds...
Error! Unable to read the EMS bus. Retrying in 20 seconds...
Error! Unable to read the EMS bus. Retrying in 20 seconds...
Error! Unable to read the EMS bus. Retrying in 20 seconds...
Error! Unable to read the EMS bus. Retrying in 20 seconds...
Error! Unable to read the EMS bus. Retrying in 20 seconds...
Error! Unable to read the EMS bus. Retrying in 20 seconds...
Error! Unable to read the EMS bus. Retrying in 20 seconds...
Error! Unable to read the EMS bus. Retrying in 20 seconds...
Error! Unable to read the EMS bus. Retrying in 20 seconds...
Error! Unable to read the EMS bus. Retrying in 20 seconds...
Error! Unable to read the EMS bus. Retrying in 20 seconds...
Error! Unable to read the EMS bus. Retrying in 20 seconds...
Error! Unable to read the EMS bus. Retrying in 20 seconds...
Error! Unable to read the EMS bus. Retrying in 20 seconds...
Error! Unable to read the EMS bus. Retrying in 20 seconds...
Error! Unable to read the EMS bus. Retrying in 20 seconds...
Error! Unable to read the EMS bus. Retrying in 20 seconds...
Error! Unable to read the EMS bus. Retrying in 20 seconds...
Error! Unable to read the EMS bus. Retrying in 20 seconds...
Error! Unable to read the EMS bus. Retrying in 20 seconds...
Error! Unable to read the EMS bus. Retrying in 20 seconds...
Error! Unable to read the EMS bus. Retrying in 20 seconds...
Error! Unable to read the EMS bus. Retrying in 20 seconds...
Error! Unable to read the EMS bus. Retrying in 20 seconds...
Error! Unable to read the EMS bus. Retrying in 20 seconds...
Error! Unable to read the EMS bus. Retrying in 20 seconds...
Error! Unable to read the EMS bus. Retrying in 20 seconds...
Error! Unable to read the EMS bus. Retrying in 20 seconds...
Error! Unable to read the EMS bus. Retrying in 20 seconds...
Error! Unable to read the EMS bus. Retrying in 20 seconds...
Error! Unable to read the EMS bus. Retrying in 20 seconds...
Error! Unable to read the EMS bus. Retrying in 20 seconds...
Error! Unable to read the EMS bus. Retrying in 20 seconds...
Error! Unable to read the EMS bus. Retrying in 20 seconds...
Error! Unable to read the EMS bus. Retrying in 20 seconds...
Error! Unable to read the EMS bus. Retrying in 20 seconds...
Error! Unable to read the EMS bus. Retrying in 20 seconds...
Error! Unable to read the EMS bus. Retrying in 20 seconds...
Error! Unable to read the EMS bus. Retrying in 20 seconds...
Error! Unable to read the EMS bus. Retrying in 20 seconds...
Error! Unable to read the EMS bus. Retrying in 20 seconds...
Error! Unable to read the EMS bus. Retrying in 20 seconds...
Error! Unable to read the EMS bus. Retrying in 20 seconds...
Error! Unable to read the EMS bus. Retrying in 20 seconds...
Error! Unable to read the EMS bus. Retrying in 20 seconds...
Error! Unable to read the EMS bus. Retrying in 20 seconds...
Error! Unable to read the EMS bus. Retrying in 20 seconds...
Error! Unable to read the EMS bus. Retrying in 20 seconds...
Error! Unable to read the EMS bus. Retrying in 20 seconds...
Error! Unable to read the EMS bus. Retrying in 20 seconds...
Error! Unable to read the EMS bus. Retrying in 20 seconds...
Error! Unable to read the EMS bus. Retrying in 20 seconds...
Error! Unable to read the EMS bus. Retrying in 20 seconds...
Error! Unable to read the EMS bus. Retrying in 20 seconds...
Error! Unable to read the EMS bus. Retrying in 20 seconds...
Error! Unable to read the EMS bus. Retrying in 20 seconds...
Error! Unable to read the EMS bus. Retrying in 20 seconds...
Error! Unable to read the EMS bus. Retrying in 20 seconds...
Error! Unable to read the EMS bus. Retrying in 20 seconds...
Error! Unable to read the EMS bus. Retrying in 20 seconds...
Error! Unable to read the EMS bus. Retrying in 20 seconds...
Error! Unable to read the EMS bus. Retrying in 20 seconds...
Error! Unable to read the EMS bus. Retrying in 20 seconds...
Error! Unable to read the EMS bus. Retrying in 20 seconds...
Error! Unable to read the EMS bus. Retrying in 20 seconds...
Error! Unable to read the EMS bus. Retrying in 20 seconds...
Error! Unable to read the EMS bus. Retrying in 20 seconds...
Error! Unable to read the EMS bus. Retrying in 20 seconds...
Error! Unable to read the EMS bus. Retrying in 20 seconds...
Error! Unable to read the EMS bus. Retrying in 20 seconds...
Error! Unable to read the EMS bus. Retrying in 20 seconds...
Error! Unable to read the EMS bus. Retrying in 20 seconds...
Error! Unable to read the EMS bus. Retrying in 20 seconds...
Error! Unable to read the EMS bus. Retrying in 20 seconds...
Error! Unable to read the EMS bus. Retrying in 20 seconds...
Error! Unable to read the EMS bus. Retrying in 20 seconds...
Error! Unable to read the EMS bus. Retrying in 20 seconds...
Error! Unable to read the EMS bus. Retrying in 20 seconds...
Error! Unable to read the EMS bus. Retrying in 20 seconds...
Error! Unable to read the EMS bus. Retrying in 20 seconds...
Error! Unable to read the EMS bus. Retrying in 20 seconds...
Error! Unable to read the EMS bus. Retrying in 20 seconds...
Error! Unable to read the EMS bus. Retrying in 20 seconds...
Error! Unable to read the EMS bus. Retrying in 20 seconds...
Error! Unable to read the EMS bus. Retrying in 20 seconds...
Error! Unable to read the EMS bus. Retrying in 20 seconds...
Error! Unable to read the EMS bus. Retrying in 20 seconds...
Error! Unable to read the EMS bus. Retrying in 20 seconds...
Error! Unable to read the EMS bus. Retrying in 20 seconds...
Error! Unable to read the EMS bus. Retrying in 20 seconds...
Error! Unable to read the EMS bus. Retrying in 20 seconds...
Error! Unable to read the EMS bus. Retrying in 20 seconds...
Error! Unable to read the EMS bus. Retrying in 20 seconds...
Error! Unable to read the EMS bus. Retrying in 20 seconds...
Error! Unable to read the EMS bus. Retrying in 20 seconds...
Error! Unable to read the EMS bus. Retrying in 20 seconds...
Error! Unable to read the EMS bus. Retrying in 20 seconds...
Error! Unable to read the EMS bus. Retrying in 20 seconds...
Error! Unable to read the EMS bus. Retrying in 20 seconds...
Error! Unable to read the EMS bus. Retrying in 20 seconds...
Error! Unable to read the EMS bus. Retrying in 20 seconds...
Error! Unable to read the EMS bus. Retrying in 20 seconds...
Error! Unable to read the EMS bus. Retrying in 20 seconds...
Error! Unable to read the EMS bus. Retrying in 20 seconds...
Error! Unable to read the EMS bus. Retrying in 20 seconds...
Error! Unable to read the EMS bus. Retrying in 20 seconds...
Error! Unable to read the EMS bus. Retrying in 20 seconds...
Error! Unable to read the EMS bus. Retrying in 20 seconds...
Error! Unable to read the EMS bus. Retrying in 20 seconds...
Error! Unable to read the EMS bus. Retrying in 20 seconds...
Error! Unable to read the EMS bus. Retrying in 20 seconds...
Error! Unable to read the EMS bus. Retrying in 20 seconds...
Error! Unable to read the EMS bus. Retrying in 20 seconds...
Error! Unable to read the EMS bus. Retrying in 20 seconds...
Error! Unable to read the EMS bus. Retrying in 20 seconds...
Error! Unable to read the EMS bus. Retrying in 20 seconds...
Error! Unable to read the EMS bus. Retrying in 20 seconds...
Error! Unable to read the EMS bus. Retrying in 20 seconds...
Error! Unable to read the EMS bus. Retrying in 20 seconds...
Error! Unable to read the EMS bus. Retrying in 20 seconds...
Error! Unable to read the EMS bus. Retrying in 20 seconds...
Error! Unable to read the EMS bus. Retrying in 20 seconds...
Error! Unable to read the EMS bus. Retrying in 20 seconds...
Error! Unable to read the EMS bus. Retrying in 20 seconds...
Error! Unable to read the EMS bus. Retrying in 20 seconds...
Error! Unable to read the EMS bus. Retrying in 20 seconds...
Error! Unable to read the EMS bus. Retrying in 20 seconds...
Error! Unable to read the EMS bus. Retrying in 20 seconds...
Error! Unable to read the EMS bus. Retrying in 20 seconds...
Error! Unable to read the EMS bus. Retrying in 20 seconds...
Error! Unable to read the EMS bus. Retrying in 20 seconds...
Error! Unable to read the EMS bus. Retrying in 20 seconds...
Error! Unable to read the EMS bus. Retrying in 20 seconds...
Error! Unable to read the EMS bus. Retrying in 20 seconds...
Error! Unable to read the EMS bus. Retrying in 20 seconds...
Error! Unable to read the EMS bus. Retrying in 20 seconds...
Error! Unable to read the EMS bus. Retrying in 20 seconds...
Error! Unable to read the EMS bus. Retrying in 20 seconds...
Error! Unable to read the EMS bus. Retrying in 20 seconds...
Error! Unable to read the EMS bus. Retrying in 20 seconds...
Error! Unable to read the EMS bus. Retrying in 20 seconds...
Error! Unable to read the EMS bus. Retrying in 20 seconds...
Error! Unable to read the EMS bus. Retrying in 20 seconds...
Error! Unable to read the EMS bus. Retrying in 20 seconds...
Error! Unable to read the EMS bus. Retrying in 20 seconds...
Error! Unable to read the EMS bus. Retrying in 20 seconds...
Error! Unable to read the EMS bus. Retrying in 20 seconds...
Error! Unable to read the EMS bus. Retrying in 20 seconds...
Error! Unable to read the EMS bus. Retrying in 20 seconds...
Error! Unable to read the EMS bus. Retrying in 20 seconds...
Error! Unable to read the EMS bus. Retrying in 20 seconds...
Error! Unable to read the EMS bus. Retrying in 20 seconds...
Error! Unable to read the EMS bus. Retrying in 20 seconds...
Error! Unable to read the EMS bus. Retrying in 20 seconds...
Error! Unable to read the EMS bus. Retrying in 20 seconds...
Error! Unable to read the EMS bus. Retrying in 20 seconds...
Error! Unable to read the EMS bus. Retrying in 20 seconds...
Error! Unable to read the EMS bus. Retrying in 20 seconds...
Error! Unable to read the EMS bus. Retrying in 20 seconds...
Error! Unable to read the EMS bus. Retrying in 20 seconds...
Error! Unable to read the EMS bus. Retrying in 20 seconds...
Error! Unable to read the EMS bus. Retrying in 20 seconds...
Error! Unable to read the EMS bus. Retrying in 20 seconds...
Error! Unable to read the EMS bus. Retrying in 20 seconds...
Error! Unable to read the EMS bus. Retrying in 20 seconds...
Error! Unable to read the EMS bus. Retrying in 20 seconds...
Error! Unable to read the EMS bus. Retrying in 20 seconds...
Error! Unable to read the EMS bus. Retrying in 20 seconds...
Error! Unable to read the EMS bus. Retrying in 20 seconds...
Error! Unable to read the EMS bus. Retrying in 20 seconds...
Error! Unable to read the EMS bus. Retrying in 20 seconds...
Error! Unable to read the EMS bus. Retrying in 20 seconds...
Error! Unable to read the EMS bus. Retrying in 20 seconds...
Error! Unable to read the EMS bus. Retrying in 20 seconds...
Error! Unable to read the EMS bus. Retrying in 20 seconds...
Error! Unable to read the EMS bus. Retrying in 20 seconds...
Error! Unable to read the EMS bus. Retrying in 20 seconds...
Error! Unable to read the EMS bus. Retrying in 20 seconds...
Error! Unable to read the EMS bus. Retrying in 20 seconds...
Error! Unable to read the EMS bus. Retrying in 20 seconds...
Error! Unable to read the EMS bus. Retrying in 20 seconds...
Error! Unable to read the EMS bus. Retrying in 20 seconds...
Error! Unable to read the EMS bus. Retrying in 20 seconds...
Error! Unable to read the EMS bus. Retrying in 20 seconds...
Error! Unable to read the EMS bus. Retrying in 20 seconds...
Error! Unable to read the EMS bus. Retrying in 20 seconds...
Error! Unable to read the EMS bus. Retrying in 20 seconds...
Error! Unable to read the EMS bus. Retrying in 20 seconds...
Error! Unable to read the EMS bus. Retrying in 20 seconds...
Error! Unable to read the EMS bus. Retrying in 20 seconds...
Error! Unable to read the EMS bus. Retrying in 20 seconds...
Error! Unable to read the EMS bus. Retrying in 20 seconds...
Error! Unable to read the EMS bus. Retrying in 20 seconds...
Error! Unable to read the EMS bus. Retrying in 20 seconds...
Error! Unable to read the EMS bus. Retrying in 20 seconds...
Error! Unable to read the EMS bus. Retrying in 20 seconds...
Error! Unable to read the EMS bus. Retrying in 20 seconds...
Error! Unable to read the EMS bus. Retrying in 20 seconds...
Error! Unable to read the EMS bus. Retrying in 20 seconds...
Error! Unable to read the EMS bus. Retrying in 20 seconds...
Error! Unable to read the EMS bus. Retrying in 20 seconds...
Error! Unable to read the EMS bus. Retrying in 20 seconds...
Error! Unable to read the EMS bus. Retrying in 20 seconds...
Error! Unable to read the EMS bus. Retrying in 20 seconds...
Error! Unable to read the EMS bus. Retrying in 20 seconds...
Error! Unable to read the EMS bus. Retrying in 20 seconds...
Error! Unable to read the EMS bus. Retrying in 20 seconds...
Error! Unable to read the EMS bus. Retrying in 20 seconds...
Error! Unable to read the EMS bus. Retrying in 20 seconds...
Error! Unable to read the EMS bus. Retrying in 20 seconds...
Error! Unable to read the EMS bus. Retrying in 20 seconds...
Error! Unable to read the EMS bus. Retrying in 20 seconds...
Error! Unable to read the EMS bus. Retrying in 20 seconds...
Error! Unable to read the EMS bus. Retrying in 20 seconds...
Error! Unable to read the EMS bus. Retrying in 20 seconds...
Error! Unable to read the EMS bus. Retrying in 20 seconds...
Error! Unable to read the EMS bus. Retrying in 20 seconds...
Error! Unable to read the EMS bus. Retrying in 20 seconds...
Error! Unable to read the EMS bus. Retrying in 20 seconds...
Error! Unable to read the EMS bus. Retrying in 20 seconds...
Error! Unable to read the EMS bus. Retrying in 20 seconds...
Error! Unable to read the EMS bus. Retrying in 20 seconds...
Error! Unable to read the EMS bus. Retrying in 20 seconds...
Error! Unable to read the EMS bus. Retrying in 20 seconds...
Error! Unable to read the EMS bus. Retrying in 20 seconds...
Error! Unable to read the EMS bus. Retrying in 20 seconds...
Error! Unable to read the EMS bus. Retrying in 20 seconds...
Error! Unable to read the EMS bus. Retrying in 20 seconds...
Error! Unable to read the EMS bus. Retrying in 20 seconds...
Error! Unable to read the EMS bus. Retrying in 20 seconds...
Error! Unable to read the EMS bus. Retrying in 20 seconds...
Error! Unable to read the EMS bus. Retrying in 20 seconds...
Error! Unable to read the EMS bus. Retrying in 20 seconds...
Error! Unable to read the EMS bus. Retrying in 20 seconds...
Error! Unable to read the EMS bus. Retrying in 20 seconds...
Error! Unable to read the EMS bus. Retrying in 20 seconds...
Error! Unable to read the EMS bus. Retrying in 20 seconds...
Error! Unable to read the EMS bus. Retrying in 20 seconds...
Error! Unable to read the EMS bus. Retrying in 20 seconds...
Error! Unable to read the EMS bus. Retrying in 20 seconds...
Error! Unable to read the EMS bus. Retrying in 20 seconds...
Error! Unable to read the EMS bus. Retrying in 20 seconds...
Error! Unable to read the EMS bus. Retrying in 20 seconds...
Error! Unable to read the EMS bus. Retrying in 20 seconds...
Error! Unable to read the EMS bus. Retrying in 20 seconds...
Error! Unable to read the EMS bus. Retrying in 20 seconds...
Error! Unable to read the EMS bus. Retrying in 20 seconds...
Error! Unable to read the EMS bus. Retrying in 20 seconds...
Error! Unable to read the EMS bus. Retrying in 20 seconds...
Error! Unable to read the EMS bus. Retrying in 20 seconds...
Error! Unable to read the EMS bus. Retrying in 20 seconds...
Error! Unable to read the EMS bus. Retrying in 20 seconds...
Error! Unable to read the EMS bus. Retrying in 20 seconds...
Error! Unable to read the EMS bus. Retrying in 20 seconds...
Error! Unable to read the EMS bus. Retrying in 20 seconds...
Error! Unable to read the EMS bus. Retrying in 20 seconds...
Error! Unable to read the EMS bus. Retrying in 20 seconds...
Error! Unable to read the EMS bus. Retrying in 20 seconds...
Error! Unable to read the EMS bus. Retrying in 20 seconds...
Error! Unable to read the EMS bus. Retrying in 20 seconds...
Error! Unable to read the EMS bus. Retrying in 20 seconds...
Error! Unable to read the EMS bus. Retrying in 20 seconds...
Error! Unable to read the EMS bus. Retrying in 20 seconds...
Error! Unable to read the EMS bus. Retrying in 20 seconds...
Error! Unable to read the EMS bus. Retrying in 20 seconds...
Error! Unable to read the EMS bus. Retrying in 20 seconds...
Error! Unable to read the EMS bus. Retrying in 20 seconds...
Error! Unable to read the EMS bus. Retrying in 20 seconds...
Error! Unable to read the EMS bus. Retrying in 20 seconds...
Error! Unable to read the EMS bus. Retrying in 20 seconds...
Error! Unable to read the EMS bus. Retrying in 20 seconds...
Error! Unable to read the EMS bus. Retrying in 20 seconds...
Error! Unable to read the EMS bus. Retrying in 20 seconds...
Error! Unable to read the EMS bus. Retrying in 20 seconds...
Error! Unable to read the EMS bus. Retrying in 20 seconds...
Error! Unable to read the EMS bus. Retrying in 20 seconds...
Error! Unable to read the EMS bus. Retrying in 20 seconds...
Error! Unable to read the EMS bus. Retrying in 20 seconds...
Error! Unable to read the EMS bus. Retrying in 20 seconds...
Error! Unable to read the EMS bus. Retrying in 20 seconds...
Error! Unable to read the EMS bus. Retrying in 20 seconds...
Error! Unable to read the EMS bus. Retrying in 20 seconds...
Error! Unable to read the EMS bus. Retrying in 20 seconds...
Error! Unable to read the EMS bus. Retrying in 20 seconds...
Error! Unable to read the EMS bus. Retrying in 20 seconds...
Error! Unable to read the EMS bus. Retrying in 20 seconds...
Error! Unable to read the EMS bus. Retrying in 20 seconds...
Error! Unable to read the EMS bus. Retrying in 20 seconds...
Error! Unable to read the EMS bus. Retrying in 20 seconds...
Error! Unable to read the EMS bus. Retrying in 20 seconds...
Error! Unable to read the EMS bus. Retrying in 20 seconds...
Error! Unable to read the EMS bus. Retrying in 20 seconds...
Error! Unable to read the EMS bus. Retrying in 20 seconds...
Error! Unable to read the EMS bus. Retrying in 20 seconds...
Error! Unable to read the EMS bus. Retrying in 20 seconds...
Error! Unable to read the EMS bus. Retrying in 20 seconds...
Error! Unable to read the EMS bus. Retrying in 20 seconds...
Error! Unable to read the EMS bus. Retrying in 20 seconds...
Error! Unable to read the EMS bus. Retrying in 20 seconds...
Error! Unable to read the EMS bus. Retrying in 20 seconds...
Error! Unable to read the EMS bus. Retrying in 20 seconds...
Error! Unable to read the EMS bus. Retrying in 20 seconds...
Error! Unable to read the EMS bus. Retrying in 20 seconds...
Error! Unable to read the EMS bus. Retrying in 20 seconds...
Error! Unable to read the EMS bus. Retrying in 20 seconds...
Error! Unable to read the EMS bus. Retrying in 20 seconds...
Error! Unable to read the EMS bus. Retrying in 20 seconds...
Error! Unable to read the EMS bus. Retrying in 20 seconds...
Error! Unable to read the EMS bus. Retrying in 20 seconds...
Error! Unable to read the EMS bus. Retrying in 20 seconds...
Error! Unable to read the EMS bus. Retrying in 20 seconds...
Error! Unable to read the EMS bus. Retrying in 20 seconds...
Error! Unable to read the EMS bus. Retrying in 20 seconds...
Error! Unable to read the EMS bus. Retrying in 20 seconds...
Error! Unable to read the EMS bus. Retrying in 20 seconds...
Error! Unable to read the EMS bus. Retrying in 20 seconds...
Error! Unable to read the EMS bus. Retrying in 20 seconds...
Error! Unable to read the EMS bus. Retrying in 20 seconds...
Error! Unable to read the EMS bus. Retrying in 20 seconds...
Error! Unable to read the EMS bus. Retrying in 20 seconds...
Error! Unable to read the EMS bus. Retrying in 20 seconds...
Error! Unable to read the EMS bus. Retrying in 20 seconds...
Error! Unable to read the EMS bus. Retrying in 20 seconds...
Error! Unable to read the EMS bus. Retrying in 20 seconds...
Error! Unable to read the EMS bus. Retrying in 20 seconds...
Error! Unable to read the EMS bus. Retrying in 20 seconds...
Error! Unable to read the EMS bus. Retrying in 20 seconds...
Error! Unable to read the EMS bus. Retrying in 20 seconds...
Error! Unable to read the EMS bus. Retrying in 20 seconds...
Error! Unable to read the EMS bus. Retrying in 20 seconds...
Error! Unable to read the EMS bus. Retrying in 20 seconds...
Error! Unable to read the EMS bus. Retrying in 20 seconds...
Error! Unable to read the EMS bus. Retrying in 20 seconds...
Error! Unable to read the EMS bus. Retrying in 20 seconds...
Error! Unable to read the EMS bus. Retrying in 20 seconds...
Error! Unable to read the EMS bus. Retrying in 20 seconds...
Error! Unable to read the EMS bus. Retrying in 20 seconds...
Error! Unable to read the EMS bus. Retrying in 20 seconds...
Error! Unable to read the EMS bus. Retrying in 20 seconds...
Error! Unable to read the EMS bus. Retrying in 20 seconds...
Error! Unable to read the EMS bus. Retrying in 20 seconds...
Error! Unable to read the EMS bus. Retrying in 20 seconds...
Error! Unable to read the EMS bus. Retrying in 20 seconds...
Error! Unable to read the EMS bus. Retrying in 20 seconds...
Error! Unable to read the EMS bus. Retrying in 20 seconds...
Error! Unable to read the EMS bus. Retrying in 20 seconds...
Error! Unable to read the EMS bus. Retrying in 20 seconds...
Error! Unable to read the EMS bus. Retrying in 20 seconds...
Error! Unable to read the EMS bus. Retrying in 20 seconds...
Error! Unable to read the EMS bus. Retrying in 20 seconds...
Error! Unable to read the EMS bus. Retrying in 20 seconds...
Error! Unable to read the EMS bus. Retrying in 20 seconds...
Error! Unable to read the EMS bus. Retrying in 20 seconds...
Error! Unable to read the EMS bus. Retrying in 20 seconds...
Error! Unable to read the EMS bus. Retrying in 20 seconds...
Error! Unable to read the EMS bus. Retrying in 20 seconds...
Error! Unable to read the EMS bus. Retrying in 20 seconds...
Error! Unable to read the EMS bus. Retrying in 20 seconds...
Error! Unable to read the EMS bus. Retrying in 20 seconds...
Error! Unable to read the EMS bus. Retrying in 20 seconds...
Error! Unable to read the EMS bus. Retrying in 20 seconds...
Error! Unable to read the EMS bus. Retrying in 20 seconds...
Error! Unable to read the EMS bus. Retrying in 20 seconds...
Error! Unable to read the EMS bus. Retrying in 20 seconds...
Error! Unable to read the EMS bus. Retrying in 20 seconds...
Error! Unable to read the EMS bus. Retrying in 20 seconds...
Error! Unable to read the EMS bus. Retrying in 20 seconds...
Error! Unable to read the EMS bus. Retrying in 20 seconds...
Error! Unable to read the EMS bus. Retrying in 20 seconds...
Error! Unable to read the EMS bus. Retrying in 20 seconds...
Error! Unable to read the EMS bus. Retrying in 20 seconds...
Error! Unable to read the EMS bus. Retrying in 20 seconds...
Error! Unable to read the EMS bus. Retrying in 20 seconds...
Error! Unable to read the EMS bus. Retrying in 20 seconds...
Error! Unable to read the EMS bus. Retrying in 20 seconds...
Error! Unable to read the EMS bus. Retrying in 20 seconds...
Error! Unable to read the EMS bus. Retrying in 20 seconds...
Error! Unable to read the EMS bus. Retrying in 20 seconds...
Error! Unable to read the EMS bus. Retrying in 20 seconds...
Error! Unable to read the EMS bus. Retrying in 20 seconds...
Error! Unable to read the EMS bus. Retrying in 20 seconds...
Error! Unable to read the EMS bus. Retrying in 20 seconds...
Error! Unable to read the EMS bus. Retrying in 20 seconds...
Error! Unable to read the EMS bus. Retrying in 20 seconds...
Error! Unable to read the EMS bus. Retrying in 20 seconds...
Error! Unable to read the EMS bus. Retrying in 20 seconds...
Error! Unable to read the EMS bus. Retrying in 20 seconds...
Error! Unable to read the EMS bus. Retrying in 20 seconds...
Error! Unable to read the EMS bus. Retrying in 20 seconds...
Error! Unable to read the EMS bus. Retrying in 20 seconds...
Error! Unable to read the EMS bus. Retrying in 20 seconds...
Error! Unable to read the EMS bus. Retrying in 20 seconds...
Error! Unable to read the EMS bus. Retrying in 20 seconds...
Error! Unable to read the EMS bus. Retrying in 20 seconds...
Error! Unable to read the EMS bus. Retrying in 20 seconds...
Error! Unable to read the EMS bus. Retrying in 20 seconds...
Error! Unable to read the EMS bus. Retrying in 20 seconds...
Error! Unable to read the EMS bus. Retrying in 20 seconds...
Error! Unable to read the EMS bus. Retrying in 20 seconds...
Error! Unable to read the EMS bus. Retrying in 20 seconds...
Error! Unable to read the EMS bus. Retrying in 20 seconds...
Error! Unable to read the EMS bus. Retrying in 20 seconds...
Error! Unable to read the EMS bus. Retrying in 20 seconds...
Error! Unable to read the EMS bus. Retrying in 20 seconds...
Error! Unable to read the EMS bus. Retrying in 20 seconds...
Error! Unable to read the EMS bus. Retrying in 20 seconds...
Error! Unable to read the EMS bus. Retrying in 20 seconds...
Error! Unable to read the EMS bus. Retrying in 20 seconds...
Error! Unable to read the EMS bus. Retrying in 20 seconds...
Error! Unable to read the EMS bus. Retrying in 20 seconds...
Error! Unable to read the EMS bus. Retrying in 20 seconds...
Error! Unable to read the EMS bus. Retrying in 20 seconds...
Error! Unable to read the EMS bus. Retrying in 20 seconds...
Error! Unable to read the EMS bus. Retrying in 20 seconds...
Error! Unable to read the EMS bus. Retrying in 20 seconds...
Error! Unable to read the EMS bus. Retrying in 20 seconds...
Error! Unable to read the EMS bus. Retrying in 20 seconds...
Error! Unable to read the EMS bus. Retrying in 20 seconds...
Error! Unable to read the EMS bus. Retrying in 20 seconds...
Error! Unable to read the EMS bus. Retrying in 20 seconds...
Error! Unable to read the EMS bus. Retrying in 20 seconds...
Error! Unable to read the EMS bus. Retrying in 20 seconds...
Error! Unable to read the EMS bus. Retrying in 20 seconds...
Error! Unable to read the EMS bus. Retrying in 20 seconds...
Error! Unable to read the EMS bus. Retrying in 20 seconds...
Error! Unable to read the EMS bus. Retrying in 20 seconds...
Error! Unable to read the EMS bus. Retrying in 20 seconds...
Error! Unable to read the EMS bus. Retrying in 20 seconds...
Error! Unable to read the EMS bus. Retrying in 20 seconds...
Error! Unable to read the EMS bus. Retrying in 20 seconds...
Error! Unable to read the EMS bus. Retrying in 20 seconds...
Error! Unable to read the EMS bus. Retrying in 20 seconds...
Error! Unable to read the EMS bus. Retrying in 20 seconds...
Error! Unable to read the EMS bus. Retrying in 20 seconds...
Error! Unable to read the EMS bus. Retrying in 20 seconds...
Error! Unable to read the EMS bus. Retrying in 20 seconds...
Error! Unable to read the EMS bus. Retrying in 20 seconds...
Error! Unable to read the EMS bus. Retrying in 20 seconds...
Error! Unable to read the EMS bus. Retrying in 20 seconds...
Error! Unable to read the EMS bus. Retrying in 20 seconds...
Error! Unable to read the EMS bus. Retrying in 20 seconds...
Error! Unable to read the EMS bus. Retrying in 20 seconds...
Error! Unable to read the EMS bus. Retrying in 20 seconds...
Error! Unable to read the EMS bus. Retrying in 20 seconds...
Error! Unable to read the EMS bus. Retrying in 20 seconds...
Error! Unable to read the EMS bus. Retrying in 20 seconds...
Error! Unable to read the EMS bus. Retrying in 20 seconds...
Error! Unable to read the EMS bus. Retrying in 20 seconds...
Error! Unable to read the EMS bus. Retrying in 20 seconds...
Error! Unable to read the EMS bus. Retrying in 20 seconds...
Error! Unable to read the EMS bus. Retrying in 20 seconds...
Error! Unable to read the EMS bus. Retrying in 20 seconds...
Error! Unable to read the EMS bus. Retrying in 20 seconds...
Error! Unable to read the EMS bus. Retrying in 20 seconds...
Error! Unable to read the EMS bus. Retrying in 20 seconds...
Error! Unable to read the EMS bus. Retrying in 20 seconds...
Error! Unable to read the EMS bus. Retrying in 20 seconds...
Error! Unable to read the EMS bus. Retrying in 20 seconds...
Error! Unable to read the EMS bus. Retrying in 20 seconds...
Error! Unable to read the EMS bus. Retrying in 20 seconds...
Error! Unable to read the EMS bus. Retrying in 20 seconds...
Error! Unable to read the EMS bus. Retrying in 20 seconds...
Error! Unable to read the EMS bus. Retrying in 20 seconds...
Error! Unable to read the EMS bus. Retrying in 20 seconds...
Error! Unable to read the EMS bus. Retrying in 20 seconds...
Error! Unable to read the EMS bus. Retrying in 20 seconds...
Error! Unable to read the EMS bus. Retrying in 20 seconds...
Error! Unable to read the EMS bus. Retrying in 20 seconds...
Error! Unable to read the EMS bus. Retrying in 20 seconds...
Error! Unable to read the EMS bus. Retrying in 20 seconds...
Error! Unable to read the EMS bus. Retrying in 20 seconds...
Error! Unable to read the EMS bus. Retrying in 20 seconds...
Error! Unable to read the EMS bus. Retrying in 20 seconds...
Error! Unable to read the EMS bus. Retrying in 20 seconds...
Error! Unable to read the EMS bus. Retrying in 20 seconds...
Error! Unable to read the EMS bus. Retrying in 20 seconds...
Error! Unable to read the EMS bus. Retrying in 20 seconds...
Error! Unable to read the EMS bus. Retrying in 20 seconds...
Error! Unable to read the EMS bus. Retrying in 20 seconds...
Error! Unable to read the EMS bus. Retrying in 20 seconds...
Error! Unable to read the EMS bus. Retrying in 20 seconds...
Error! Unable to read the EMS bus. Retrying in 20 seconds...
Error! Unable to read the EMS bus. Retrying in 20 seconds...
Error! Unable to read the EMS bus. Retrying in 20 seconds...
Error! Unable to read the EMS bus. Retrying in 20 seconds...
Error! Unable to read the EMS bus. Retrying in 20 seconds...
Error! Unable to read the EMS bus. Retrying in 20 seconds...
Error! Unable to read the EMS bus. Retrying in 20 seconds...
Error! Unable to read the EMS bus. Retrying in 20 seconds...
Error! Unable to read the EMS bus. Retrying in 20 seconds...
Error! Unable to read the EMS bus. Retrying in 20 seconds...
Error! Unable to read the EMS bus. Retrying in 20 seconds...
Error! Unable to read the EMS bus. Retrying in 20 seconds...
Error! Unable to read the EMS bus. Retrying in 20 seconds...
Error! Unable to read the EMS bus. Retrying in 20 seconds...
Error! Unable to read the EMS bus. Retrying in 20 seconds...
Error! Unable to read the EMS bus. Retrying in 20 seconds...
Error! Unable to read the EMS bus. Retrying in 20 seconds...
Error! Unable to read the EMS bus. Retrying in 20 seconds...
Error! Unable to read the EMS bus. Retrying in 20 seconds...
Error! Unable to read the EMS bus. Retrying in 20 seconds...
Error! Unable to read the EMS bus. Retrying in 20 seconds...
Error! Unable to read the EMS bus. Retrying in 20 seconds...
Error! Unable to read the EMS bus. Retrying in 20 seconds...
Error! Unable to read the EMS bus. Retrying in 20 seconds...
Error! Unable to read the EMS bus. Retrying in 20 seconds...
Error! Unable to read the EMS bus. Retrying in 20 seconds...
Error! Unable to read the EMS bus. Retrying in 20 seconds...
Error! Unable to read the EMS bus. Retrying in 20 seconds...
Error! Unable to read the EMS bus. Retrying in 20 seconds...
Error! Unable to read the EMS bus. Retrying in 20 seconds...
Error! Unable to read the EMS bus. Retrying in 20 seconds...
Error! Unable to read the EMS bus. Retrying in 20 seconds...
Error! Unable to read the EMS bus. Retrying in 20 seconds...
Error! Unable to read the EMS bus. Retrying in 20 seconds...
Error! Unable to read the EMS bus. Retrying in 20 seconds...
Error! Unable to read the EMS bus. Retrying in 20 seconds...
Error! Unable to read the EMS bus. Retrying in 20 seconds...
Error! Unable to read the EMS bus. Retrying in 20 seconds...
Error! Unable to read the EMS bus. Retrying in 20 seconds...
Error! Unable to read the EMS bus. Retrying in 20 seconds...
Error! Unable to read the EMS bus. Retrying in 20 seconds...
Error! Unable to read the EMS bus. Retrying in 20 seconds...
Error! Unable to read the EMS bus. Retrying in 20 seconds...
Error! Unable to read the EMS bus. Retrying in 20 seconds...
Error! Unable to read the EMS bus. Retrying in 20 seconds...
Error! Unable to read the EMS bus. Retrying in 20 seconds...
Error! Unable to read the EMS bus. Retrying in 20 seconds...
Error! Unable to read the EMS bus. Retrying in 20 seconds...
Error! Unable to read the EMS bus. Retrying in 20 seconds...
Error! Unable to read the EMS bus. Retrying in 20 seconds...
Error! Unable to read the EMS bus. Retrying in 20 seconds...
Error! Unable to read the EMS bus. Retrying in 20 seconds...
Error! Unable to read the EMS bus. Retrying in 20 seconds...
Error! Unable to read the EMS bus. Retrying in 20 seconds...
Error! Unable to read the EMS bus. Retrying in 20 seconds...
Error! Unable to read the EMS bus. Retrying in 20 seconds...
Error! Unable to read the EMS bus. Retrying in 20 seconds...
Error! Unable to read the EMS bus. Retrying in 20 seconds...
Error! Unable to read the EMS bus. Retrying in 20 seconds...
Error! Unable to read the EMS bus. Retrying in 20 seconds...
Error! Unable to read the EMS bus. Retrying in 20 seconds...
Error! Unable to read the EMS bus. Retrying in 20 seconds...
Error! Unable to read the EMS bus. Retrying in 20 seconds...
Error! Unable to read the EMS bus. Retrying in 20 seconds...
Error! Unable to read the EMS bus. Retrying in 20 seconds...
Error! Unable to read the EMS bus. Retrying in 20 seconds...
Error! Unable to read the EMS bus. Retrying in 20 seconds...
Error! Unable to read the EMS bus. Retrying in 20 seconds...
Error! Unable to read the EMS bus. Retrying in 20 seconds...
Error! Unable to read the EMS bus. Retrying in 20 seconds...
Error! Unable to read the EMS bus. Retrying in 20 seconds...
Error! Unable to read the EMS bus. Retrying in 20 seconds...
Error! Unable to read the EMS bus. Retrying in 20 seconds...
Error! Unable to read the EMS bus. Retrying in 20 seconds...
Error! Unable to read the EMS bus. Retrying in 20 seconds...
Error! Unable to read the EMS bus. Retrying in 20 seconds...
Error! Unable to read the EMS bus. Retrying in 20 seconds...
Error! Unable to read the EMS bus. Retrying in 20 seconds...
Error! Unable to read the EMS bus. Retrying in 20 seconds...
Error! Unable to read the EMS bus. Retrying in 20 seconds...
Error! Unable to read the EMS bus. Retrying in 20 seconds...
Error! Unable to read the EMS bus. Retrying in 20 seconds...
Error! Unable to read the EMS bus. Retrying in 20 seconds...
Error! Unable to read the EMS bus. Retrying in 20 seconds...
Error! Unable to read the EMS bus. Retrying in 20 seconds...
Error! Unable to read the EMS bus. Retrying in 20 seconds...
Error! Unable to read the EMS bus. Retrying in 20 seconds...
Error! Unable to read the EMS bus. Retrying in 20 seconds...
Error! Unable to read the EMS bus. Retrying in 20 seconds...
Error! Unable to read the EMS bus. Retrying in 20 seconds...
Error! Unable to read the EMS bus. Retrying in 20 seconds...
Error! Unable to read the EMS bus. Retrying in 20 seconds...
Error! Unable to read the EMS bus. Retrying in 20 seconds...
Error! Unable to read the EMS bus. Retrying in 20 seconds...
Error! Unable to read the EMS bus. Retrying in 20 seconds...
Error! Unable to read the EMS bus. Retrying in 20 seconds...
Error! Unable to read the EMS bus. Retrying in 20 seconds...
Error! Unable to read the EMS bus. Retrying in 20 seconds...
Error! Unable to read the EMS bus. Retrying in 20 seconds...
Error! Unable to read the EMS bus. Retrying in 20 seconds...
Error! Unable to read the EMS bus. Retrying in 20 seconds...
Error! Unable to read the EMS bus. Retrying in 20 seconds...
Error! Unable to read the EMS bus. Retrying in 20 seconds...
Error! Unable to read the EMS bus. Retrying in 20 seconds...
Error! Unable to read the EMS bus. Retrying in 20 seconds...
Error! Unable to read the EMS bus. Retrying in 20 seconds...
Error! Unable to read the EMS bus. Retrying in 20 seconds...
Error! Unable to read the EMS bus. Retrying in 20 seconds...
Error! Unable to read the EMS bus. Retrying in 20 seconds...
Error! Unable to read the EMS bus. Retrying in 20 seconds...
Error! Unable to read the EMS bus. Retrying in 20 seconds...
Error! Unable to read the EMS bus. Retrying in 20 seconds...
Error! Unable to read the EMS bus. Retrying in 20 seconds...
Error! Unable to read the EMS bus. Retrying in 20 seconds...
Error! Unable to read the EMS bus. Retrying in 20 seconds...
Error! Unable to read the EMS bus. Retrying in 20 seconds...
Error! Unable to read the EMS bus. Retrying in 20 seconds...
Error! Unable to read the EMS bus. Retrying in 20 seconds...
Error! Unable to read the EMS bus. Retrying in 20 seconds...
Error! Unable to read the EMS bus. Retrying in 20 seconds...
Error! Unable to read the EMS bus. Retrying in 20 seconds...
Error! Unable to read the EMS bus. Retrying in 20 seconds...
Error! Unable to read the EMS bus. Retrying in 20 seconds...
Error! Unable to read the EMS bus. Retrying in 20 seconds...
Error! Unable to read the EMS bus. Retrying in 20 seconds...
Error! Unable to read the EMS bus. Retrying in 20 seconds...
Error! Unable to read the EMS bus. Retrying in 20 seconds...
Error! Unable to read the EMS bus. Retrying in 20 seconds...
Error! Unable to read the EMS bus. Retrying in 20 seconds...
Error! Unable to read the EMS bus. Retrying in 20 seconds...
Error! Unable to read the EMS bus. Retrying in 20 seconds...
Error! Unable to read the EMS bus. Retrying in 20 seconds...
Error! Unable to read the EMS bus. Retrying in 20 seconds...
Error! Unable to read the EMS bus. Retrying in 20 seconds...
Error! Unable to read the EMS bus. Retrying in 20 seconds...
Error! Unable to read the EMS bus. Retrying in 20 seconds...
Error! Unable to read the EMS bus. Retrying in 20 seconds...
Error! Unable to read the EMS bus. Retrying in 20 seconds...
Error! Unable to read the EMS bus. Retrying in 20 seconds...
Error! Unable to read the EMS bus. Retrying in 20 seconds...
Error! Unable to read the EMS bus. Retrying in 20 seconds...
Error! Unable to read the EMS bus. Retrying in 20 seconds...
Error! Unable to read the EMS bus. Retrying in 20 seconds...
Error! Unable to read the EMS bus. Retrying in 20 seconds...
Error! Unable to read the EMS bus. Retrying in 20 seconds...
Error! Unable to read the EMS bus. Retrying in 20 seconds...
Error! Unable to read the EMS bus. Retrying in 20 seconds...
Error! Unable to read the EMS bus. Retrying in 20 seconds...
Error! Unable to read the EMS bus. Retrying in 20 seconds...
Error! Unable to read the EMS bus. Retrying in 20 seconds...
Error! Unable to read the EMS bus. Retrying in 20 seconds...
Error! Unable to read the EMS bus. Retrying in 20 seconds...
Error! Unable to read the EMS bus. Retrying in 20 seconds...
Error! Unable to read the EMS bus. Retrying in 20 seconds...
Error! Unable to read the EMS bus. Retrying in 20 seconds...
Error! Unable to read the EMS bus. Retrying in 20 seconds...
Error! Unable to read the EMS bus. Retrying in 20 seconds...
Error! Unable to read the EMS bus. Retrying in 20 seconds...
Error! Unable to read the EMS bus. Retrying in 20 seconds...
Error! Unable to read the EMS bus. Retrying in 20 seconds...
Error! Unable to read the EMS bus. Retrying in 20 seconds...
Error! Unable to read the EMS bus. Retrying in 20 seconds...
Error! Unable to read the EMS bus. Retrying in 20 seconds...
Error! Unable to read the EMS bus. Retrying in 20 seconds...
Error! Unable to read the EMS bus. Retrying in 20 seconds...
Error! Unable to read the EMS bus. Retrying in 20 seconds...
Error! Unable to read the EMS bus. Retrying in 20 seconds...
Error! Unable to read the EMS bus. Retrying in 20 seconds...
Error! Unable to read the EMS bus. Retrying in 20 seconds...
Error! Unable to read the EMS bus. Retrying in 20 seconds...
Error! Unable to read the EMS bus. Retrying in 20 seconds...
Error! Unable to read the EMS bus. Retrying in 20 seconds...
Error! Unable to read the EMS bus. Retrying in 20 seconds...
Error! Unable to read the EMS bus. Retrying in 20 seconds...
Error! Unable to read the EMS bus. Retrying in 20 seconds...
Error! Unable to read the EMS bus. Retrying in 20 seconds...
Error! Unable to read the EMS bus. Retrying in 20 seconds...
Error! Unable to read the EMS bus. Retrying in 20 seconds...
Error! Unable to read the EMS bus. Retrying in 20 seconds...
Error! Unable to read the EMS bus. Retrying in 20 seconds...
Error! Unable to read the EMS bus. Retrying in 20 seconds...
Error! Unable to read the EMS bus. Retrying in 20 seconds...
Error! Unable to read the EMS bus. Retrying in 20 seconds...
Error! Unable to read the EMS bus. Retrying in 20 seconds...
Error! Unable to read the EMS bus. Retrying in 20 seconds...
Error! Unable to read the EMS bus. Retrying in 20 seconds...
Error! Unable to read the EMS bus. Retrying in 20 seconds...
Error! Unable to read the EMS bus. Retrying in 20 seconds...
Error! Unable to read the EMS bus. Retrying in 20 seconds...
Error! Unable to read the EMS bus. Retrying in 20 seconds...
Error! Unable to read the EMS bus. Retrying in 20 seconds...
Error! Unable to read the EMS bus. Retrying in 20 seconds...
Error! Unable to read the EMS bus. Retrying in 20 seconds...
Error! Unable to read the EMS bus. Retrying in 20 seconds...
Error! Unable to read the EMS bus. Retrying in 20 seconds...
Error! Unable to read the EMS bus. Retrying in 20 seconds...
Error! Unable to read the EMS bus. Retrying in 20 seconds...
Error! Unable to read the EMS bus. Retrying in 20 seconds...
Error! Unable to read the EMS bus. Retrying in 20 seconds...
Error! Unable to read the EMS bus. Retrying in 20 seconds...
Error! Unable to read the EMS bus. Retrying in 20 seconds...
Error! Unable to read the EMS bus. Retrying in 20 seconds...
Error! Unable to read the EMS bus. Retrying in 20 seconds...
Error! Unable to read the EMS bus. Retrying in 20 seconds...
Error! Unable to read the EMS bus. Retrying in 20 seconds...
Error! Unable to read the EMS bus. Retrying in 20 seconds...
Error! Unable to read the EMS bus. Retrying in 20 seconds...
Error! Unable to read the EMS bus. Retrying in 20 seconds...
Error! Unable to read the EMS bus. Retrying in 20 seconds...
Error! Unable to read the EMS bus. Retrying in 20 seconds...
Error! Unable to read the EMS bus. Retrying in 20 seconds...
Error! Unable to read the EMS bus. Retrying in 20 seconds...
Error! Unable to read the EMS bus. Retrying in 20 seconds...
Error! Unable to read the EMS bus. Retrying in 20 seconds...
Error! Unable to read the EMS bus. Retrying in 20 seconds...
Error! Unable to read the EMS bus. Retrying in 20 seconds...
Error! Unable to read the EMS bus. Retrying in 20 seconds...
Error! Unable to read the EMS bus. Retrying in 20 seconds...
Error! Unable to read the EMS bus. Retrying in 20 seconds...
Error! Unable to read the EMS bus. Retrying in 20 seconds...
Error! Unable to read the EMS bus. Retrying in 20 seconds...
Error! Unable to read the EMS bus. Retrying in 20 seconds...
Error! Unable to read the EMS bus. Retrying in 20 seconds...
Error! Unable to read the EMS bus. Retrying in 20 seconds...
Error! Unable to read the EMS bus. Retrying in 20 seconds...
Error! Unable to read the EMS bus. Retrying in 20 seconds...
Error! Unable to read the EMS bus. Retrying in 20 seconds...
Error! Unable to read the EMS bus. Retrying in 20 seconds...
Error! Unable to read the EMS bus. Retrying in 20 seconds...
Error! Unable to read the EMS bus. Retrying in 20 seconds...
Error! Unable to read the EMS bus. Retrying in 20 seconds...
Error! Unable to read the EMS bus. Retrying in 20 seconds...
Error! Unable to read the EMS bus. Retrying in 20 seconds...
Error! Unable to read the EMS bus. Retrying in 20 seconds...
Error! Unable to read the EMS bus. Retrying in 20 seconds...
Error! Unable to read the EMS bus. Retrying in 20 seconds...
Error! Unable to read the EMS bus. Retrying in 20 seconds...
Error! Unable to read the EMS bus. Retrying in 20 seconds...
Error! Unable to read the EMS bus. Retrying in 20 seconds...
Error! Unable to read the EMS bus. Retrying in 20 seconds...
Error! Unable to read the EMS bus. Retrying in 20 seconds...
Error! Unable to read the EMS bus. Retrying in 20 seconds...
Error! Unable to read the EMS bus. Retrying in 20 seconds...
Error! Unable to read the EMS bus. Retrying in 20 seconds...
Error! Unable to read the EMS bus. Retrying in 20 seconds...
Error! Unable to read the EMS bus. Retrying in 20 seconds...
Error! Unable to read the EMS bus. Retrying in 20 seconds...
Error! Unable to read the EMS bus. Retrying in 20 seconds...
Error! Unable to read the EMS bus. Retrying in 20 seconds...
Error! Unable to read the EMS bus. Retrying in 20 seconds...
Error! Unable to read the EMS bus. Retrying in 20 seconds...
Error! Unable to read the EMS bus. Retrying in 20 seconds...
Error! Unable to read the EMS bus. Retrying in 20 seconds...
Error! Unable to read the EMS bus. Retrying in 20 seconds...
Error! Unable to read the EMS bus. Retrying in 20 seconds...
Error! Unable to read the EMS bus. Retrying in 20 seconds...
Error! Unable to read the EMS bus. Retrying in 20 seconds...
Error! Unable to read the EMS bus. Retrying in 20 seconds...
Error! Unable to read the EMS bus. Retrying in 20 seconds...
Error! Unable to read the EMS bus. Retrying in 20 seconds...
Error! Unable to read the EMS bus. Retrying in 20 seconds...
Error! Unable to read the EMS bus. Retrying in 20 seconds...
Error! Unable to read the EMS bus. Retrying in 20 seconds...
Error! Unable to read the EMS bus. Retrying in 20 seconds...
Error! Unable to read the EMS bus. Retrying in 20 seconds...
Error! Unable to read the EMS bus. Retrying in 20 seconds...
Error! Unable to read the EMS bus. Retrying in 20 seconds...
Error! Unable to read the EMS bus. Retrying in 20 seconds...
Error! Unable to read the EMS bus. Retrying in 20 seconds...
Error! Unable to read the EMS bus. Retrying in 20 seconds...
Error! Unable to read the EMS bus. Retrying in 20 seconds...
Error! Unable to read the EMS bus. Retrying in 20 seconds...
Error! Unable to read the EMS bus. Retrying in 20 seconds...
Error! Unable to read the EMS bus. Retrying in 20 seconds...
Error! Unable to read the EMS bus. Retrying in 20 seconds...
Error! Unable to read the EMS bus. Retrying in 20 seconds...
Error! Unable to read the EMS bus. Retrying in 20 seconds...
Error! Unable to read the EMS bus. Retrying in 20 seconds...
Error! Unable to read the EMS bus. Retrying in 20 seconds...
Error! Unable to read the EMS bus. Retrying in 20 seconds...
Error! Unable to read the EMS bus. Retrying in 20 seconds...
Error! Unable to read the EMS bus. Retrying in 20 seconds...
Error! Unable to read the EMS bus. Retrying in 20 seconds...
Error! Unable to read the EMS bus. Retrying in 20 seconds...
Error! Unable to read the EMS bus. Retrying in 20 seconds...
Error! Unable to read the EMS bus. Retrying in 20 seconds...
Error! Unable to read the EMS bus. Retrying in 20 seconds...
Error! Unable to read the EMS bus. Retrying in 20 seconds...
Error! Unable to read the EMS bus. Retrying in 20 seconds...
Error! Unable to read the EMS bus. Retrying in 20 seconds...
Error! Unable to read the EMS bus. Retrying in 20 seconds...
Error! Unable to read the EMS bus. Retrying in 20 seconds...
Error! Unable to read the EMS bus. Retrying in 20 seconds...
Error! Unable to read the EMS bus. Retrying in 20 seconds...
Error! Unable to read the EMS bus. Retrying in 20 seconds...
Error! Unable to read the EMS bus. Retrying in 20 seconds...
Error! Unable to read the EMS bus. Retrying in 20 seconds...
Error! Unable to read the EMS bus. Retrying in 20 seconds...
Error! Unable to read the EMS bus. Retrying in 20 seconds...
Error! Unable to read the EMS bus. Retrying in 20 seconds...
Error! Unable to read the EMS bus. Retrying in 20 seconds...
Error! Unable to read the EMS bus. Retrying in 20 seconds...
Error! Unable to read the EMS bus. Retrying in 20 seconds...
Error! Unable to read the EMS bus. Retrying in 20 seconds...
Error! Unable to read the EMS bus. Retrying in 20 seconds...
Error! Unable to read the EMS bus. Retrying in 20 seconds...
Error! Unable to read the EMS bus. Retrying in 20 seconds...
Error! Unable to read the EMS bus. Retrying in 20 seconds...
Error! Unable to read the EMS bus. Retrying in 20 seconds...
Error! Unable to read the EMS bus. Retrying in 20 seconds...
Error! Unable to read the EMS bus. Retrying in 20 seconds...
Error! Unable to read the EMS bus. Retrying in 20 seconds...
Error! Unable to read the EMS bus. Retrying in 20 seconds...
Error! Unable to read the EMS bus. Retrying in 20 seconds...
Error! Unable to read the EMS bus. Retrying in 20 seconds...
Error! Unable to read the EMS bus. Retrying in 20 seconds...
Error! Unable to read the EMS bus. Retrying in 20 seconds...
Error! Unable to read the EMS bus. Retrying in 20 seconds...
Error! Unable to read the EMS bus. Retrying in 20 seconds...
Error! Unable to read the EMS bus. Retrying in 20 seconds...
Error! Unable to read the EMS bus. Retrying in 20 seconds...
Error! Unable to read the EMS bus. Retrying in 20 seconds...
Error! Unable to read the EMS bus. Retrying in 20 seconds...
Error! Unable to read the EMS bus. Retrying in 20 seconds...
Error! Unable to read the EMS bus. Retrying in 20 seconds...
Error! Unable to read the EMS bus. Retrying in 20 seconds...
Error! Unable to read the EMS bus. Retrying in 20 seconds...
Error! Unable to read the EMS bus. Retrying in 20 seconds...
Error! Unable to read the EMS bus. Retrying in 20 seconds...
Error! Unable to read the EMS bus. Retrying in 20 seconds...
Error! Unable to read the EMS bus. Retrying in 20 seconds...
Error! Unable to read the EMS bus. Retrying in 20 seconds...
Error! Unable to read the EMS bus. Retrying in 20 seconds...
Error! Unable to read the EMS bus. Retrying in 20 seconds...
Error! Unable to read the EMS bus. Retrying in 20 seconds...
Error! Unable to read the EMS bus. Retrying in 20 seconds...
Error! Unable to read the EMS bus. Retrying in 20 seconds...
Error! Unable to read the EMS bus. Retrying in 20 seconds...
Error! Unable to read the EMS bus. Retrying in 20 seconds...
Error! Unable to read the EMS bus. Retrying in 20 seconds...
Error! Unable to read the EMS bus. Retrying in 20 seconds...
Error! Unable to read the EMS bus. Retrying in 20 seconds...
Error! Unable to read the EMS bus. Retrying in 20 seconds...


